<?xml version="1.0" encoding="UTF-8"?>
<!-- Generated by org.testng.reporters.JUnitReportReporter -->
<testsuite skipped="0" hostname="DESKTOP-7P35BOA" name="org.com.PFJ.APIs.TC04GET_ProdOffersAvailable" tests="1" failures="0" timestamp="02 Sep 2019 03:23:23 GMT" time="1.372" errors="0">
  <testcase name="ProdOffersAvailable" time="1.372" classname="org.com.PFJ.APIs.TC04GET_ProdOffersAvailable"/>
</testsuite> <!-- org.com.PFJ.APIs.TC04GET_ProdOffersAvailable -->
