<?xml version="1.0" encoding="UTF-8"?>
<!-- Generated by org.testng.reporters.JUnitReportReporter -->
<testsuite skipped="0" hostname="DESKTOP-7P35BOA" name="org.com.my.APIs.TC02GET_ProdLocationsites" tests="1" failures="0" timestamp="08 Jun 2020 18:28:07 GMT" time="5.317" errors="0">
  <testcase name="ProdLocationsites" time="5.317" classname="org.com.my.APIs.TC02GET_ProdLocationsites"/>
</testsuite> <!-- org.com.my.APIs.TC02GET_ProdLocationsites -->
