<?xml version="1.0" encoding="UTF-8"?>
<!-- Generated by org.testng.reporters.JUnitReportReporter -->
<testsuite skipped="0" hostname="DESKTOP-7P35BOA" name="org.com.PFJ.APIs.TC09POST_ProdAuthenticateToken" tests="1" failures="0" timestamp="19 Aug 2019 13:19:26 GMT" time="3.081" errors="0">
  <testcase name="ProdAuthenticateToken" time="3.081" classname="org.com.PFJ.APIs.TC09POST_ProdAuthenticateToken"/>
</testsuite> <!-- org.com.PFJ.APIs.TC09POST_ProdAuthenticateToken -->
