<?xml version="1.0" encoding="UTF-8"?>
<!-- Generated by org.testng.reporters.JUnitReportReporter -->
<testsuite skipped="0" hostname="DESKTOP-7P35BOA" name="org.com.PFJ.APIs.TC06GET_ProdDiesellanes" tests="1" failures="0" timestamp="02 Sep 2019 04:02:18 GMT" time="4.068" errors="0">
  <testcase name="ProdDiesellanes" time="4.068" classname="org.com.PFJ.APIs.TC06GET_ProdDiesellanes"/>
</testsuite> <!-- org.com.PFJ.APIs.TC06GET_ProdDiesellanes -->
